Build started 14/04/2016 13:52:48.
     1>Project "c:\Users\arif.budiman41\documents\visual studio 2013\Projects\T-rex_clone\T-rex_clone\T-rex_clone.vcxproj" on node 2 (Build target(s)).
     1>ClCompile:
         C:\Program Files (x86)\Microsoft Visual Studio 12.0\VC\bin\CL.exe /c /I"c:\Users\arif.budiman41\documents\visual studio 2013\Projects\T-rex_clone\packages\nupengl.core.0.1.0.1\build\native\../..//build/native/include/" /ZI /nologo /W3 /WX- /sdl /Od /Oy- /D WIN32 /D _DEBUG /D _CONSOLE /D _LIB /D _UNICODE /D UNICODE /Gm /EHsc /RTC1 /MDd /GS /fp:precise /Zc:wchar_t /Zc:forScope /Fo"Debug\\" /Fd"Debug\vc120.pdb" /Gd /TP /analyze- /errorReport:prompt Source.cpp
         Source.cpp
     1>c:\users\arif.budiman41\documents\visual studio 2013\projects\t-rex_clone\t-rex_clone\source.cpp(23): warning C4244: 'initializing' : conversion from 'double' to 'float', possible loss of data
     1>c:\users\arif.budiman41\documents\visual studio 2013\projects\t-rex_clone\t-rex_clone\source.cpp(22): warning C4101: 'i' : unreferenced local variable
     1>c:\users\arif.budiman41\documents\visual studio 2013\projects\t-rex_clone\t-rex_clone\source.cpp(30): warning C4244: 'initializing' : conversion from 'double' to 'float', possible loss of data
     1>c:\users\arif.budiman41\documents\visual studio 2013\projects\t-rex_clone\t-rex_clone\source.cpp(91): warning C4244: 'initializing' : conversion from 'double' to 'float', possible loss of data
     1>c:\users\arif.budiman41\documents\visual studio 2013\projects\t-rex_clone\t-rex_clone\source.cpp(92): warning C4244: 'initializing' : conversion from 'double' to 'float', possible loss of data
     1>c:\users\arif.budiman41\documents\visual studio 2013\projects\t-rex_clone\t-rex_clone\source.cpp(107): warning C4305: 'argument' : truncation from 'double' to 'GLfloat'
     1>c:\users\arif.budiman41\documents\visual studio 2013\projects\t-rex_clone\t-rex_clone\source.cpp(111): warning C4305: 'argument' : truncation from 'double' to 'GLfloat'
     1>c:\users\arif.budiman41\documents\visual studio 2013\projects\t-rex_clone\t-rex_clone\source.cpp(112): warning C4305: 'argument' : truncation from 'double' to 'float'
     1>c:\users\arif.budiman41\documents\visual studio 2013\projects\t-rex_clone\t-rex_clone\source.cpp(115): warning C4305: 'argument' : truncation from 'double' to 'GLfloat'
     1>c:\users\arif.budiman41\documents\visual studio 2013\projects\t-rex_clone\t-rex_clone\source.cpp(118): warning C4305: 'argument' : truncation from 'double' to 'GLfloat'
     1>c:\users\arif.budiman41\documents\visual studio 2013\projects\t-rex_clone\t-rex_clone\source.cpp(120): warning C4305: 'argument' : truncation from 'double' to 'GLfloat'
     1>c:\users\arif.budiman41\documents\visual studio 2013\projects\t-rex_clone\t-rex_clone\source.cpp(121): warning C4305: 'argument' : truncation from 'double' to 'float'
     1>c:\users\arif.budiman41\documents\visual studio 2013\projects\t-rex_clone\t-rex_clone\source.cpp(129): warning C4305: 'argument' : truncation from 'double' to 'GLfloat'
     1>c:\users\arif.budiman41\documents\visual studio 2013\projects\t-rex_clone\t-rex_clone\source.cpp(131): warning C4305: 'argument' : truncation from 'double' to 'GLfloat'
     1>c:\users\arif.budiman41\documents\visual studio 2013\projects\t-rex_clone\t-rex_clone\source.cpp(134): warning C4305: 'argument' : truncation from 'double' to 'GLfloat'
     1>c:\users\arif.budiman41\documents\visual studio 2013\projects\t-rex_clone\t-rex_clone\source.cpp(135): warning C4305: 'argument' : truncation from 'double' to 'float'
     1>c:\users\arif.budiman41\documents\visual studio 2013\projects\t-rex_clone\t-rex_clone\source.cpp(138): warning C4305: 'argument' : truncation from 'double' to 'GLfloat'
     1>c:\users\arif.budiman41\documents\visual studio 2013\projects\t-rex_clone\t-rex_clone\source.cpp(140): warning C4305: 'argument' : truncation from 'double' to 'GLfloat'
     1>c:\users\arif.budiman41\documents\visual studio 2013\projects\t-rex_clone\t-rex_clone\source.cpp(141): warning C4305: 'argument' : truncation from 'double' to 'float'
     1>c:\users\arif.budiman41\documents\visual studio 2013\projects\t-rex_clone\t-rex_clone\source.cpp(144): warning C4305: 'argument' : truncation from 'double' to 'GLfloat'
     1>c:\users\arif.budiman41\documents\visual studio 2013\projects\t-rex_clone\t-rex_clone\source.cpp(146): warning C4305: 'argument' : truncation from 'double' to 'GLfloat'
     1>c:\users\arif.budiman41\documents\visual studio 2013\projects\t-rex_clone\t-rex_clone\source.cpp(147): warning C4305: 'argument' : truncation from 'double' to 'float'
     1>c:\users\arif.budiman41\documents\visual studio 2013\projects\t-rex_clone\t-rex_clone\source.cpp(150): warning C4305: 'argument' : truncation from 'double' to 'GLfloat'
     1>c:\users\arif.budiman41\documents\visual studio 2013\projects\t-rex_clone\t-rex_clone\source.cpp(152): warning C4305: 'argument' : truncation from 'double' to 'float'
     1>c:\users\arif.budiman41\documents\visual studio 2013\projects\t-rex_clone\t-rex_clone\source.cpp(166): warning C4305: 'argument' : truncation from 'double' to 'GLfloat'
     1>c:\users\arif.budiman41\documents\visual studio 2013\projects\t-rex_clone\t-rex_clone\source.cpp(168): warning C4305: 'argument' : truncation from 'double' to 'GLfloat'
     1>c:\users\arif.budiman41\documents\visual studio 2013\projects\t-rex_clone\t-rex_clone\source.cpp(172): warning C4305: 'argument' : truncation from 'double' to 'float'
     1>c:\users\arif.budiman41\documents\visual studio 2013\projects\t-rex_clone\t-rex_clone\source.cpp(175): warning C4305: 'argument' : truncation from 'double' to 'GLfloat'
     1>c:\users\arif.budiman41\documents\visual studio 2013\projects\t-rex_clone\t-rex_clone\source.cpp(177): warning C4305: 'argument' : truncation from 'double' to 'GLfloat'
     1>c:\users\arif.budiman41\documents\visual studio 2013\projects\t-rex_clone\t-rex_clone\source.cpp(178): warning C4305: 'argument' : truncation from 'double' to 'float'
     1>c:\users\arif.budiman41\documents\visual studio 2013\projects\t-rex_clone\t-rex_clone\source.cpp(190): warning C4305: '+=' : truncation from 'double' to 'float'
     1>c:\users\arif.budiman41\documents\visual studio 2013\projects\t-rex_clone\t-rex_clone\source.cpp(195): warning C4305: '-=' : truncation from 'double' to 'float'
     1>c:\users\arif.budiman41\documents\visual studio 2013\projects\t-rex_clone\t-rex_clone\source.cpp(197): warning C4305: '-=' : truncation from 'double' to 'float'
     1>c:\users\arif.budiman41\documents\visual studio 2013\projects\t-rex_clone\t-rex_clone\source.cpp(198): warning C4305: '-=' : truncation from 'double' to 'float'
     1>c:\users\arif.budiman41\documents\visual studio 2013\projects\t-rex_clone\t-rex_clone\source.cpp(234): warning C4244: 'argument' : conversion from 'float' to 'char', possible loss of data
     1>c:\users\arif.budiman41\documents\visual studio 2013\projects\t-rex_clone\t-rex_clone\source.cpp(240): warning C4305: 'argument' : truncation from 'double' to 'GLfloat'
     1>c:\users\arif.budiman41\documents\visual studio 2013\projects\t-rex_clone\t-rex_clone\source.cpp(243): warning C4244: 'argument' : conversion from 'float' to 'char', possible loss of data
     1>c:\users\arif.budiman41\documents\visual studio 2013\projects\t-rex_clone\t-rex_clone\source.cpp(243): warning C4305: 'argument' : truncation from 'double' to 'float'
     1>c:\users\arif.budiman41\documents\visual studio 2013\projects\t-rex_clone\t-rex_clone\source.cpp(249): warning C4305: 'argument' : truncation from 'double' to 'GLfloat'
     1>c:\users\arif.budiman41\documents\visual studio 2013\projects\t-rex_clone\t-rex_clone\source.cpp(251): warning C4305: 'argument' : truncation from 'double' to 'GLfloat'
     1>c:\users\arif.budiman41\documents\visual studio 2013\projects\t-rex_clone\t-rex_clone\source.cpp(252): warning C4244: 'argument' : conversion from 'float' to 'char', possible loss of data
     1>c:\users\arif.budiman41\documents\visual studio 2013\projects\t-rex_clone\t-rex_clone\source.cpp(252): warning C4305: 'argument' : truncation from 'double' to 'float'
     1>c:\users\arif.budiman41\documents\visual studio 2013\projects\t-rex_clone\t-rex_clone\source.cpp(255): warning C4244: 'argument' : conversion from 'float' to 'char', possible loss of data
     1>c:\users\arif.budiman41\documents\visual studio 2013\projects\t-rex_clone\t-rex_clone\source.cpp(263): warning C4244: 'argument' : conversion from 'float' to 'char', possible loss of data
     1>c:\users\arif.budiman41\documents\visual studio 2013\projects\t-rex_clone\t-rex_clone\source.cpp(280): warning C4305: 'argument' : truncation from 'double' to 'GLfloat'
     1>c:\users\arif.budiman41\documents\visual studio 2013\projects\t-rex_clone\t-rex_clone\source.cpp(293): warning C4305: '=' : truncation from 'double' to 'float'
     1>c:\users\arif.budiman41\documents\visual studio 2013\projects\t-rex_clone\t-rex_clone\source.cpp(296): warning C4305: '=' : truncation from 'double' to 'float'
     1>c:\users\arif.budiman41\documents\visual studio 2013\projects\t-rex_clone\t-rex_clone\source.cpp(299): warning C4305: '=' : truncation from 'double' to 'float'
     1>c:\users\arif.budiman41\documents\visual studio 2013\projects\t-rex_clone\t-rex_clone\source.cpp(302): warning C4305: '=' : truncation from 'double' to 'float'
     1>c:\users\arif.budiman41\documents\visual studio 2013\projects\t-rex_clone\t-rex_clone\source.cpp(305): warning C4305: '=' : truncation from 'double' to 'float'
     1>c:\users\arif.budiman41\documents\visual studio 2013\projects\t-rex_clone\t-rex_clone\source.cpp(308): warning C4305: '=' : truncation from 'double' to 'float'
     1>c:\users\arif.budiman41\documents\visual studio 2013\projects\t-rex_clone\t-rex_clone\source.cpp(357): warning C4305: '+=' : truncation from 'double' to 'float'
     1>c:\users\arif.budiman41\documents\visual studio 2013\projects\t-rex_clone\t-rex_clone\source.cpp(360): warning C4305: '+=' : truncation from 'double' to 'float'
     1>c:\users\arif.budiman41\documents\visual studio 2013\projects\t-rex_clone\t-rex_clone\source.cpp(363): warning C4305: '+=' : truncation from 'double' to 'float'
     1>c:\users\arif.budiman41\documents\visual studio 2013\projects\t-rex_clone\t-rex_clone\source.cpp(366): warning C4305: '+=' : truncation from 'double' to 'float'
     1>c:\users\arif.budiman41\documents\visual studio 2013\projects\t-rex_clone\t-rex_clone\source.cpp(369): warning C4305: '+=' : truncation from 'double' to 'float'
     1>c:\users\arif.budiman41\documents\visual studio 2013\projects\t-rex_clone\t-rex_clone\source.cpp(372): warning C4305: '-=' : truncation from 'double' to 'float'
       Link:
         C:\Program Files (x86)\Microsoft Visual Studio 12.0\VC\bin\link.exe /ERRORREPORT:PROMPT /OUT:"c:\users\arif.budiman41\documents\visual studio 2013\Projects\T-rex_clone\Debug\T-rex_clone.exe" /INCREMENTAL /NOLOGO "c:\Users\arif.budiman41\documents\visual studio 2013\Projects\T-rex_clone\packages\nupengl.core.0.1.0.1\build\native\../..//build/native/lib/Win32\glew32.lib" "c:\Users\arif.budiman41\documents\visual studio 2013\Projects\T-rex_clone\packages\nupengl.core.0.1.0.1\build\native\../..//build/native/lib/Win32\glfw3dll.lib" "c:\Users\arif.budiman41\documents\visual studio 2013\Projects\T-rex_clone\packages\nupengl.core.0.1.0.1\build\native\../..//build/native/lib/Win32\freeglut.lib" kernel32.lib user32.lib gdi32.lib winspool.lib comdlg32.lib advapi32.lib shell32.lib ole32.lib oleaut32.lib uuid.lib odbc32.lib odbccp32.lib /MANIFEST /MANIFESTUAC:"level='asInvoker' uiAccess='false'" /manifest:embed /DEBUG /PDB:"c:\users\arif.budiman41\documents\visual studio 2013\Projects\T-rex_clone\Debug\T-rex_clone.pdb" /SUBSYSTEM:CONSOLE /TLBID:1 /DYNAMICBASE /NXCOMPAT /IMPLIB:"c:\users\arif.budiman41\documents\visual studio 2013\Projects\T-rex_clone\Debug\T-rex_clone.lib" /MACHINE:X86 Debug\Source.obj
         T-rex_clone.vcxproj -> c:\users\arif.budiman41\documents\visual studio 2013\Projects\T-rex_clone\Debug\T-rex_clone.exe
     1>Done Building Project "c:\Users\arif.budiman41\documents\visual studio 2013\Projects\T-rex_clone\T-rex_clone\T-rex_clone.vcxproj" (Build target(s)).

Build succeeded.

Time Elapsed 00:00:01.48
